{
  "stats": {
    "suites": 1,
    "tests": 2,
    "passes": 2,
    "pending": 0,
    "failures": 0,
    "start": "2025-09-06T17:41:25.795Z",
    "end": "2025-09-06T17:41:29.681Z",
    "duration": 3886,
    "testsRegistered": 2,
    "passPercent": 100,
    "pendingPercent": 0,
    "other": 0,
    "hasOther": false,
    "skipped": 0,
    "hasSkipped": false
  },
  "results": [
    {
      "uuid": "46f6607c-c79f-460c-82b2-366c3850b1bd",
      "title": "",
      "fullFile": "cypress\\e2e\\login_spec.cy.js",
      "file": "cypress\\e2e\\login_spec.cy.js",
      "beforeHooks": [],
      "afterHooks": [],
      "tests": [],
      "suites": [
        {
          "uuid": "1ed5dd7f-4fc1-4105-809f-ce652e207e3c",
          "title": "SauceDemo Login Functionality",
          "fullFile": "",
          "file": "",
          "beforeHooks": [],
          "afterHooks": [],
          "tests": [
            {
              "title": "should allow a standard user to log in successfully",
              "fullTitle": "SauceDemo Login Functionality should allow a standard user to log in successfully",
              "timedOut": null,
              "duration": 1674,
              "state": "passed",
              "speed": "fast",
              "pass": true,
              "fail": false,
              "pending": false,
              "context": null,
              "code": "// cy.log() is a Cypress command to print messages to the Cypress Test Runner log.\ncy.log('Visiting SauceDemo login page...');\n// cy.visit() command navigates the browser to the specified URL.\ncy.visit('https://www.saucedemo.com/');\n// cy.url() gets the current URL. .should('include', '...') is an assertion\n// to check if the URL contains a specific string. This verifies we landed on the correct site.\ncy.url().should('include', 'saucedemo.com');\ncy.log('Assertion Passed: Successfully navigated to SauceDemo site.');\ncy.log('Entering username...');\n// cy.get('#user-name') selects the HTML element with id=\"user-name\" (the username input field).\n// .should('be.visible') is an assertion that also acts as a smart wait: Cypress waits until the element is visible.\n// .type('standard_user') types the specified text into the input field.\ncy.get('#user-name').should('be.visible').type('standard_user');\ncy.log('Entered username: standard_user');\ncy.log('Entering password...');\n// Selects the password input field by its ID and types the password.\ncy.get('#password').should('be.visible').type('secret_sauce');\ncy.log('Entered password: secret_sauce');\ncy.log('Clicking login button...');\n// Selects the login button by its ID and clicks it.\ncy.get('#login-button').should('be.visible') // Ensure button is visible before clicking\n.click();\ncy.log('Clicked login button.');\ncy.log('Verifying navigation to inventory page...');\n// After clicking login, the URL should change to the products page.\n// We assert that the URL now includes '/inventory.html'.\ncy.url().should('include', '/inventory.html');\ncy.log('Assertion Passed: Successfully navigated to inventory page.');\ncy.log('Verifying \"Products\" title...');\n// Selects the element with class 'title' (which is the 'Products' heading on the inventory page).\n// .should('be.visible') asserts it's visible.\n// .and('have.text', 'Products') asserts its exact text content.\ncy.get('.title').should('be.visible').and('have.text', 'Products');\ncy.log('Assertion Passed: \"Products\" title displayed correctly.');",
              "err": {},
              "uuid": "ca1f804e-33c7-455b-9093-7dc978382331",
              "parentUUID": "1ed5dd7f-4fc1-4105-809f-ce652e207e3c",
              "isHook": false,
              "skipped": false
            },
            {
              "title": "should allow an invalid login scenario",
              "fullTitle": "SauceDemo Login Functionality should allow an invalid login scenario",
              "timedOut": null,
              "duration": 2046,
              "state": "passed",
              "speed": "fast",
              "pass": true,
              "fail": false,
              "pending": false,
              "context": null,
              "code": "// cy.log() is a Cypress command to print messages to the Cypress Test Runner log.\ncy.log('Visiting SauceDemo login page...');\n// cy.visit() command navigates the browser to the specified URL.\ncy.visit('https://www.saucedemo.com/');\ncy.url().should('include', 'saucedemo.com');\ncy.log('Assertion Passed: Successfully navigated to SauceDemo site.');\ncy.log('Entering username...');\ncy.get('#user-name').should('be.visible').type('standard_user');\ncy.log('Entered username: invalid_user');\ncy.log('Entering password...');\ncy.get('#password').should('be.visible').type('wrong_password');\ncy.log('Entered password: wrong_password');\ncy.log('Clicking login button...');\ncy.get('#login-button').should('be.visible') // Ensure button is visible before clicking\n.click();\ncy.log('Clicked login button.');\ncy.get('[data-test=\"error\"]').should('be.visible').and('include.text', 'Username and password do not match');\ncy.log('Verifying navigation to inventory page...');\ncy.url().should('not.include', '/inventory.html');\ncy.log('Assertion Passed: Inventory page did not show.');",
              "err": {},
              "uuid": "402c1478-5fe9-47ec-a185-78024683ad37",
              "parentUUID": "1ed5dd7f-4fc1-4105-809f-ce652e207e3c",
              "isHook": false,
              "skipped": false
            }
          ],
          "suites": [],
          "passes": [
            "ca1f804e-33c7-455b-9093-7dc978382331",
            "402c1478-5fe9-47ec-a185-78024683ad37"
          ],
          "failures": [],
          "pending": [],
          "skipped": [],
          "duration": 3720,
          "root": false,
          "rootEmpty": false,
          "_timeout": 2000
        }
      ],
      "passes": [],
      "failures": [],
      "pending": [],
      "skipped": [],
      "duration": 0,
      "root": true,
      "rootEmpty": true,
      "_timeout": 2000
    }
  ],
  "meta": {
    "mocha": {
      "version": "7.2.0"
    },
    "mochawesome": {
      "options": {
        "quiet": false,
        "reportFilename": "mochawesome",
        "saveHtml": true,
        "saveJson": true,
        "consoleReporter": "spec",
        "useInlineDiffs": false,
        "code": true
      },
      "version": "7.1.3"
    },
    "marge": {
      "options": {
        "reportDir": "cypress/reports/mochawesome",
        "overwrite": false,
        "html": true,
        "json": true,
        "charts": true,
        "reportPageTitle": "SauceDemo Automation Report",
        "embeddedScreenshots": true,
        "inlineAssets": true
      },
      "version": "6.2.0"
    }
  }
}