{
  "stats": {
    "suites": 1,
    "tests": 4,
    "passes": 4,
    "pending": 0,
    "failures": 0,
    "start": "2025-09-06T17:25:10.706Z",
    "end": "2025-09-06T17:25:18.027Z",
    "duration": 7321,
    "testsRegistered": 4,
    "passPercent": 100,
    "pendingPercent": 0,
    "other": 0,
    "hasOther": false,
    "skipped": 0,
    "hasSkipped": false
  },
  "results": [
    {
      "uuid": "38b0633c-ef21-48fe-af63-13e5d05da641",
      "title": "",
      "fullFile": "cypress\\e2e\\login.cy.js",
      "file": "cypress\\e2e\\login.cy.js",
      "beforeHooks": [],
      "afterHooks": [],
      "tests": [],
      "suites": [
        {
          "uuid": "6da839f1-de2b-4087-a414-cf52d764a1f2",
          "title": "SauceDemo Login Functionality",
          "fullFile": "",
          "file": "",
          "beforeHooks": [],
          "afterHooks": [],
          "tests": [
            {
              "title": "should allow a standard user to log in successfully",
              "fullTitle": "SauceDemo Login Functionality should allow a standard user to log in successfully",
              "timedOut": null,
              "duration": 3832,
              "state": "passed",
              "speed": "fast",
              "pass": true,
              "fail": false,
              "pending": false,
              "context": null,
              "code": "cy.log('Executing successful login test...');\n// Use the Page Object method for login, making the test very readable.\n_LoginPage.default.login('standard_user', 'secret_sauce');\n// Assert that we are redirected to the products page and the title is correct.\n_ProductsPage.default.verifyOnProductsPage();\ncy.log('Assertion Passed: Successfully logged in and navigated to inventory page.');",
              "err": {},
              "uuid": "78419de9-6813-4fd1-8841-2ad2b8ac2567",
              "parentUUID": "6da839f1-de2b-4087-a414-cf52d764a1f2",
              "isHook": false,
              "skipped": false
            },
            {
              "title": "should display an error for invalid credentials",
              "fullTitle": "SauceDemo Login Functionality should display an error for invalid credentials",
              "timedOut": null,
              "duration": 1287,
              "state": "passed",
              "speed": "fast",
              "pass": true,
              "fail": false,
              "pending": false,
              "context": null,
              "code": "cy.log('Executing invalid login test...');\n_LoginPage.default.login('wrong_user', 'wrong_password'); // Invalid credentials\n// Assert that the correct error message is displayed for invalid credentials.\n_LoginPage.default.getLoginErrorMessage().should('be.visible').and('have.text', 'Epic sadface: Username and password do not match any user in this service');\ncy.log('Assertion Passed: Correct error message displayed for invalid credentials.');",
              "err": {},
              "uuid": "7dd4f388-ef46-4d6a-a172-3373bd55a5d6",
              "parentUUID": "6da839f1-de2b-4087-a414-cf52d764a1f2",
              "isHook": false,
              "skipped": false
            },
            {
              "title": "should display an error for locked out user",
              "fullTitle": "SauceDemo Login Functionality should display an error for locked out user",
              "timedOut": null,
              "duration": 975,
              "state": "passed",
              "speed": "fast",
              "pass": true,
              "fail": false,
              "pending": false,
              "context": null,
              "code": "cy.log('Executing locked out user test...');\n_LoginPage.default.login('locked_out_user', 'secret_sauce');\n// Assert that the correct error message is displayed for a locked out user.\n_LoginPage.default.getLoginErrorMessage().should('be.visible').and('have.text', 'Epic sadface: Sorry, this user has been locked out.');\ncy.log('Assertion Passed: Correct error message displayed for locked out user.');",
              "err": {},
              "uuid": "e51ce228-8a89-413c-8b4d-17b4d6fea291",
              "parentUUID": "6da839f1-de2b-4087-a414-cf52d764a1f2",
              "isHook": false,
              "skipped": false
            },
            {
              "title": "should display visual glitches for problem user",
              "fullTitle": "SauceDemo Login Functionality should display visual glitches for problem user",
              "timedOut": null,
              "duration": 984,
              "state": "passed",
              "speed": "fast",
              "pass": true,
              "fail": false,
              "pending": false,
              "context": null,
              "code": "cy.log('Executing problem user test...');\n_LoginPage.default.login('problem_user', 'secret_sauce');\n_ProductsPage.default.verifyOnProductsPage(); // Verify navigation first\n// Now, assert specific visual glitches. For SauceDemo, the product images are broken.\ncy.get('.inventory_item_img img').each($img => {\n  // Check if the image source is the broken one\n  cy.wrap($img).should('have.attr', 'src', '/static/media/sl-404.168b1cce.jpg');\n});\ncy.log('Assertion Passed: Problem user visual glitches verified.');",
              "err": {},
              "uuid": "2482d2ce-51bb-41c0-bbf3-7a9a711a7fe4",
              "parentUUID": "6da839f1-de2b-4087-a414-cf52d764a1f2",
              "isHook": false,
              "skipped": false
            }
          ],
          "suites": [],
          "passes": [
            "78419de9-6813-4fd1-8841-2ad2b8ac2567",
            "7dd4f388-ef46-4d6a-a172-3373bd55a5d6",
            "e51ce228-8a89-413c-8b4d-17b4d6fea291",
            "2482d2ce-51bb-41c0-bbf3-7a9a711a7fe4"
          ],
          "failures": [],
          "pending": [],
          "skipped": [],
          "duration": 7078,
          "root": false,
          "rootEmpty": false,
          "_timeout": 2000
        }
      ],
      "passes": [],
      "failures": [],
      "pending": [],
      "skipped": [],
      "duration": 0,
      "root": true,
      "rootEmpty": true,
      "_timeout": 2000
    }
  ],
  "meta": {
    "mocha": {
      "version": "7.2.0"
    },
    "mochawesome": {
      "options": {
        "quiet": false,
        "reportFilename": "mochawesome",
        "saveHtml": true,
        "saveJson": true,
        "consoleReporter": "spec",
        "useInlineDiffs": false,
        "code": true
      },
      "version": "7.1.3"
    },
    "marge": {
      "options": {
        "reportDir": "cypress/reports/mochawesome",
        "overwrite": false,
        "html": true,
        "json": true,
        "charts": true,
        "reportPageTitle": "SauceDemo Automation Report",
        "embeddedScreenshots": true,
        "inlineAssets": true
      },
      "version": "6.2.0"
    }
  }
}